<?xml version="1.0" encoding="UTF-8"?>
<!-- Generated by org.testng.reporters.JUnitXMLReporter -->
<testsuite hostname="Abhishek" ignored="0" name="Test" tests="4" failures="0" timestamp="25 Jun 2019 06:04:04 GMT" time="58.542" errors="0">
  <testcase name="validLogin" time="14.586" classname="scripts.LoginTest"/>
  <testcase name="createCustomer" time="5.287" classname="scripts.TaskTest"/>
  <testcase name="createProject" time="5.435" classname="scripts.TaskTest"/>
  <testcase name="deleteCustomer" time="5.703" classname="scripts.TaskTest"/>
</testsuite> <!-- Test -->
